\BOOKMARK [0][-]{chapter.1}{Foreword}{}% 1
\BOOKMARK [1][-]{section.1.1}{Main Function}{chapter.1}% 2
\BOOKMARK [0][-]{chapter.2}{Special Orthogonal Group}{}% 3
\BOOKMARK [1][-]{section.2.1}{Introduction and Quick Start of functions for SO}{chapter.2}% 4
\BOOKMARK [1][-]{section.2.2}{Functions for SO}{chapter.2}% 5
\BOOKMARK [0][-]{chapter.3}{Special Linear Group}{}% 6
\BOOKMARK [1][-]{section.3.1}{Introduction and Quick Start of functions for SL}{chapter.3}% 7
\BOOKMARK [1][-]{section.3.2}{Implemented Subfunctions \(Part I\)}{chapter.3}% 8
\BOOKMARK [1][-]{section.3.3}{UnipotentDecomposition \(Part II - a\)}{chapter.3}% 9
\BOOKMARK [1][-]{section.3.4}{UnipotentDecomposition saving Transvections \(Part II - b\)}{chapter.3}% 10
\BOOKMARK [1][-]{section.3.5}{Decomposing the Monomial Matrix \(Part III\)}{chapter.3}% 11
\BOOKMARK [1][-]{section.3.6}{Main Function \(Part IV\)}{chapter.3}% 12
\BOOKMARK [1][-]{section.3.7}{NC Version}{chapter.3}% 13
\BOOKMARK [1][-]{section.3.8}{Functions for SL}{chapter.3}% 14
\BOOKMARK [0][-]{chapter.4}{Special Unitary Group}{}% 15
\BOOKMARK [1][-]{section.4.1}{Introduction and Quick Start of functions for SU}{chapter.4}% 16
\BOOKMARK [1][-]{section.4.2}{Functions for SU}{chapter.4}% 17
\BOOKMARK [0][-]{chapter.5}{Symplectic Group}{}% 18
\BOOKMARK [1][-]{section.5.1}{Introduction and Quick Start of functions for Sp}{chapter.5}% 19
\BOOKMARK [1][-]{section.5.2}{Functions for Sp}{chapter.5}% 20
\BOOKMARK [0][-]{section*.2}{Index}{}% 21
