This is pdfTeX, Version 3.14159265-2.6-1.40.21 (TeX Live 2020) (preloaded format=pdflatex 2020.11.30)  4 JAN 2021 18:20
entering extended mode
 restricted \write18 enabled.
 %&-line parsing enabled.
**BruhatDecomposition
(./BruhatDecomposition.tex
LaTeX2e <2020-02-02> patch level 5
L3 programming layer <2020-03-06>
(/usr/local/texlive/2020/texmf-dist/tex/latex/base/report.cls
Document Class: report 2019/12/20 v1.4l Standard LaTeX document class
(/usr/local/texlive/2020/texmf-dist/tex/latex/base/size11.clo
File: size11.clo 2019/12/20 v1.4l Standard LaTeX file (size option)
)
\c@part=\count167
\c@chapter=\count168
\c@section=\count169
\c@subsection=\count170
\c@subsubsection=\count171
\c@paragraph=\count172
\c@subparagraph=\count173
\c@figure=\count174
\c@table=\count175
\abovecaptionskip=\skip47
\belowcaptionskip=\skip48
\bibindent=\dimen134
)
(/usr/local/texlive/2020/texmf-dist/tex/latex/geometry/geometry.sty
Package: geometry 2020/01/02 v5.9 Page Geometry

(/usr/local/texlive/2020/texmf-dist/tex/latex/graphics/keyval.sty
Package: keyval 2014/10/28 v1.15 key=value parser (DPC)
\KV@toks@=\toks15
)
(/usr/local/texlive/2020/texmf-dist/tex/generic/iftex/ifvtex.sty
Package: ifvtex 2019/10/25 v1.7 ifvtex legacy package. Use iftex instead.

(/usr/local/texlive/2020/texmf-dist/tex/generic/iftex/iftex.sty
Package: iftex 2020/03/06 v1.0d TeX engine tests
))
\Gm@cnth=\count176
\Gm@cntv=\count177
\c@Gm@tempcnt=\count178
\Gm@bindingoffset=\dimen135
\Gm@wd@mp=\dimen136
\Gm@odd@mp=\dimen137
\Gm@even@mp=\dimen138
\Gm@layoutwidth=\dimen139
\Gm@layoutheight=\dimen140
\Gm@layouthoffset=\dimen141
\Gm@layoutvoffset=\dimen142
\Gm@dimlist=\toks16
)
(/usr/local/texlive/2020/texmf-dist/tex/latex/amsfonts/amssymb.sty
Package: amssymb 2013/01/14 v3.01 AMS font symbols

(/usr/local/texlive/2020/texmf-dist/tex/latex/amsfonts/amsfonts.sty
Package: amsfonts 2013/01/14 v3.01 Basic AMSFonts support
\@emptytoks=\toks17
\symAMSa=\mathgroup4
\symAMSb=\mathgroup5
LaTeX Font Info:    Redeclaring math symbol \hbar on input line 98.
LaTeX Font Info:    Overwriting math alphabet `\mathfrak' in version `bold'
(Font)                  U/euf/m/n --> U/euf/b/n on input line 106.
))
(/usr/local/texlive/2020/texmf-dist/tex/latex/base/inputenc.sty
Package: inputenc 2018/08/11 v1.3c Input encoding file
\inpenc@prehook=\toks18
\inpenc@posthook=\toks19
)
(/usr/local/texlive/2020/texmf-dist/tex/latex/base/makeidx.sty
Package: makeidx 2014/09/29 v1.0m Standard LaTeX package
)
\@indexfile=\write3
\openout3 = `BruhatDecomposition.idx'.


Writing index file BruhatDecomposition.idx
(/usr/local/texlive/2020/texmf-dist/tex/latex/graphics/color.sty
Package: color 2019/11/23 v1.2a Standard LaTeX Color (DPC)

(/usr/local/texlive/2020/texmf-dist/tex/latex/graphics-cfg/color.cfg
File: color.cfg 2016/01/02 v1.6 sample color configuration
)
Package color Info: Driver file: pdftex.def on input line 147.

(/usr/local/texlive/2020/texmf-dist/tex/latex/graphics-def/pdftex.def
File: pdftex.def 2018/01/08 v1.0l Graphics/color driver for pdftex
))
(/usr/local/texlive/2020/texmf-dist/tex/latex/fancyvrb/fancyvrb.sty
Package: fancyvrb 2020/01/13 v3.5 verbatim text (tvz,hv)
\FV@CodeLineNo=\count179
\FV@InFile=\read2
\FV@TabBox=\box45
\c@FancyVerbLine=\count180
\FV@StepNumber=\count181
\FV@OutFile=\write4
)
(/usr/local/texlive/2020/texmf-dist/tex/latex/psnfss/mathptmx.sty
Package: mathptmx 2005/04/12 PSNFSS-v9.2a Times w/ Math, improved (SPQR, WaS) 
LaTeX Font Info:    Redeclaring symbol font `operators' on input line 28.
LaTeX Font Info:    Overwriting symbol font `operators' in version `normal'
(Font)                  OT1/cmr/m/n --> OT1/ztmcm/m/n on input line 28.
LaTeX Font Info:    Overwriting symbol font `operators' in version `bold'
(Font)                  OT1/cmr/bx/n --> OT1/ztmcm/m/n on input line 28.
LaTeX Font Info:    Redeclaring symbol font `letters' on input line 29.
LaTeX Font Info:    Overwriting symbol font `letters' in version `normal'
(Font)                  OML/cmm/m/it --> OML/ztmcm/m/it on input line 29.
LaTeX Font Info:    Overwriting symbol font `letters' in version `bold'
(Font)                  OML/cmm/b/it --> OML/ztmcm/m/it on input line 29.
LaTeX Font Info:    Redeclaring symbol font `symbols' on input line 30.
LaTeX Font Info:    Overwriting symbol font `symbols' in version `normal'
(Font)                  OMS/cmsy/m/n --> OMS/ztmcm/m/n on input line 30.
LaTeX Font Info:    Overwriting symbol font `symbols' in version `bold'
(Font)                  OMS/cmsy/b/n --> OMS/ztmcm/m/n on input line 30.
LaTeX Font Info:    Redeclaring symbol font `largesymbols' on input line 31.
LaTeX Font Info:    Overwriting symbol font `largesymbols' in version `normal'
(Font)                  OMX/cmex/m/n --> OMX/ztmcm/m/n on input line 31.
LaTeX Font Info:    Overwriting symbol font `largesymbols' in version `bold'
(Font)                  OMX/cmex/m/n --> OMX/ztmcm/m/n on input line 31.
\symbold=\mathgroup6
\symitalic=\mathgroup7
LaTeX Font Info:    Redeclaring math alphabet \mathbf on input line 34.
LaTeX Font Info:    Overwriting math alphabet `\mathbf' in version `normal'
(Font)                  OT1/cmr/bx/n --> OT1/ptm/bx/n on input line 34.
LaTeX Font Info:    Overwriting math alphabet `\mathbf' in version `bold'
(Font)                  OT1/cmr/bx/n --> OT1/ptm/bx/n on input line 34.
LaTeX Font Info:    Redeclaring math alphabet \mathit on input line 35.
LaTeX Font Info:    Overwriting math alphabet `\mathit' in version `normal'
(Font)                  OT1/cmr/m/it --> OT1/ptm/m/it on input line 35.
LaTeX Font Info:    Overwriting math alphabet `\mathit' in version `bold'
(Font)                  OT1/cmr/bx/it --> OT1/ptm/m/it on input line 35.
LaTeX Info: Redefining \hbar on input line 50.
)
(/usr/local/texlive/2020/texmf-dist/tex/latex/psnfss/helvet.sty
Package: helvet 2005/04/12 PSNFSS-v9.2a (WaS) 
)
(/usr/local/texlive/2020/texmf-dist/tex/latex/base/fontenc.sty
Package: fontenc 2020/02/11 v2.0o Standard LaTeX package
LaTeX Font Info:    Trying to load font information for T1+ptm on input line 11
2.

(/usr/local/texlive/2020/texmf-dist/tex/latex/psnfss/t1ptm.fd
File: t1ptm.fd 2001/06/04 font definitions for T1/ptm.
))
(/usr/local/texlive/2020/texmf-dist/tex/latex/base/textcomp.sty
Package: textcomp 2020/02/02 v2.0n Standard LaTeX package
)
(/usr/local/texlive/2020/texmf-dist/tex/latex/hyperref/hyperref.sty
Package: hyperref 2020/01/14 v7.00d Hypertext links for LaTeX

(/usr/local/texlive/2020/texmf-dist/tex/generic/ltxcmds/ltxcmds.sty
Package: ltxcmds 2019/12/15 v1.24 LaTeX kernel commands for general use (HO)
)
(/usr/local/texlive/2020/texmf-dist/tex/latex/pdftexcmds/pdftexcmds.sty
Package: pdftexcmds 2019/11/24 v0.31 Utility functions of pdfTeX for LuaTeX (HO
)

(/usr/local/texlive/2020/texmf-dist/tex/generic/infwarerr/infwarerr.sty
Package: infwarerr 2019/12/03 v1.5 Providing info/warning/error messages (HO)
)
Package pdftexcmds Info: \pdf@primitive is available.
Package pdftexcmds Info: \pdf@ifprimitive is available.
Package pdftexcmds Info: \pdfdraftmode found.
)
(/usr/local/texlive/2020/texmf-dist/tex/generic/kvsetkeys/kvsetkeys.sty
Package: kvsetkeys 2019/12/15 v1.18 Key value parser (HO)
)
(/usr/local/texlive/2020/texmf-dist/tex/generic/kvdefinekeys/kvdefinekeys.sty
Package: kvdefinekeys 2019-12-19 v1.6 Define keys (HO)
)
(/usr/local/texlive/2020/texmf-dist/tex/generic/pdfescape/pdfescape.sty
Package: pdfescape 2019/12/09 v1.15 Implements pdfTeX's escape features (HO)
)
(/usr/local/texlive/2020/texmf-dist/tex/latex/hycolor/hycolor.sty
Package: hycolor 2020-01-27 v1.10 Color options for hyperref/bookmark (HO)
)
(/usr/local/texlive/2020/texmf-dist/tex/latex/letltxmacro/letltxmacro.sty
Package: letltxmacro 2019/12/03 v1.6 Let assignment for LaTeX macros (HO)
)
(/usr/local/texlive/2020/texmf-dist/tex/latex/auxhook/auxhook.sty
Package: auxhook 2019-12-17 v1.6 Hooks for auxiliary files (HO)
)
(/usr/local/texlive/2020/texmf-dist/tex/latex/kvoptions/kvoptions.sty
Package: kvoptions 2019/11/29 v3.13 Key value format for package options (HO)
)
\@linkdim=\dimen143
\Hy@linkcounter=\count182
\Hy@pagecounter=\count183

(/usr/local/texlive/2020/texmf-dist/tex/latex/hyperref/pd1enc.def
File: pd1enc.def 2020/01/14 v7.00d Hyperref: PDFDocEncoding definition (HO)
Now handling font encoding PD1 ...
... no UTF-8 mapping file for font encoding PD1
)
(/usr/local/texlive/2020/texmf-dist/tex/generic/intcalc/intcalc.sty
Package: intcalc 2019/12/15 v1.3 Expandable calculations with integers (HO)
)
(/usr/local/texlive/2020/texmf-dist/tex/generic/etexcmds/etexcmds.sty
Package: etexcmds 2019/12/15 v1.7 Avoid name clashes with e-TeX commands (HO)
)
\Hy@SavedSpaceFactor=\count184


Package hyperref Warning: Unexpected value for option `pdftex'
(hyperref)                is ignored on input line 4421.

Package hyperref Info: Option `bookmarks' set `true' on input line 4421.

Package hyperref Warning: Option `a4paper' is no longer used.

Package hyperref Info: Option `colorlinks' set `true' on input line 4421.
Package hyperref Info: Option `breaklinks' set `true' on input line 4421.
Package hyperref Info: Hyper figures OFF on input line 4547.
Package hyperref Info: Link nesting OFF on input line 4552.
Package hyperref Info: Hyper index ON on input line 4555.
Package hyperref Info: Plain pages OFF on input line 4562.
Package hyperref Info: Backreferencing ON on input line 4565.
Package hyperref Info: Implicit mode ON; LaTeX internals redefined.
Package hyperref Info: Bookmarks ON on input line 4800.
(/usr/local/texlive/2020/texmf-dist/tex/latex/hyperref/backref.sty
Package: backref 2020/01/14 v1.40 Bibliographical back referencing

(/usr/local/texlive/2020/texmf-dist/tex/latex/rerunfilecheck/rerunfilecheck.sty
Package: rerunfilecheck 2019/12/05 v1.9 Rerun checks for auxiliary files (HO)
(/usr/local/texlive/2020/texmf-dist/tex/latex/atveryend/atveryend.sty
Package: atveryend 2019-12-11 v1.11 Hooks at the very end of document (HO)
Package atveryend Info: \enddocument detected (standard20110627).
)
(/usr/local/texlive/2020/texmf-dist/tex/generic/uniquecounter/uniquecounter.sty
Package: uniquecounter 2019/12/15 v1.4 Provide unlimited unique counter (HO)
(/usr/local/texlive/2020/texmf-dist/tex/generic/bigintcalc/bigintcalc.sty
Package: bigintcalc 2019/12/15 v1.5 Expandable calculations on big integers (HO
)
))
Package uniquecounter Info: New unique counter `rerunfilecheck' on input line 2
86.
))
\c@Hy@tempcnt=\count185

(/usr/local/texlive/2020/texmf-dist/tex/latex/url/url.sty
\Urlmuskip=\muskip16
Package: url 2013/09/16  ver 3.4  Verb mode for urls, etc.
)
LaTeX Info: Redefining \url on input line 5159.
\XeTeXLinkMargin=\dimen144

(/usr/local/texlive/2020/texmf-dist/tex/generic/bitset/bitset.sty
Package: bitset 2019/12/09 v1.3 Handle bit-vector datatype (HO)
)
\Fld@menulength=\count186
\Field@Width=\dimen145
\Fld@charsize=\dimen146
Package hyperref Info: Hyper figures OFF on input line 6430.
Package hyperref Info: Link nesting OFF on input line 6435.
Package hyperref Info: Hyper index ON on input line 6438.
Package hyperref Info: backreferencing ON on input line 6443.
Package hyperref Info: Link coloring ON on input line 6448.
Package hyperref Info: Link coloring with OCG OFF on input line 6455.
Package hyperref Info: PDF/A mode OFF on input line 6460.
LaTeX Info: Redefining \ref on input line 6500.
LaTeX Info: Redefining \pageref on input line 6504.

(/usr/local/texlive/2020/texmf-dist/tex/generic/atbegshi/atbegshi.sty
Package: atbegshi 2019/12/05 v1.19 At begin shipout hook (HO)
)
\Hy@abspage=\count187
\c@Item=\count188
\c@Hfootnote=\count189
)
Package hyperref Info: Driver: hpdftex.

(/usr/local/texlive/2020/texmf-dist/tex/latex/hyperref/hpdftex.def
File: hpdftex.def 2020/01/14 v7.00d Hyperref driver for pdfTeX
\Fld@listcount=\count190
\c@bookmark@seq@number=\count191
\Hy@SectionHShift=\skip49
)
\pagenrlog=\write5
\openout5 = `BruhatDecomposition.pnr'.


(/usr/local/texlive/2020/texmf-dist/tex/latex/enumitem/enumitem.sty
Package: enumitem 2019/06/20 v3.9 Customized lists
\labelindent=\skip50
\enit@outerparindent=\dimen147
\enit@toks=\toks20
\enit@inbox=\box46
\enit@count@id=\count192
\enitdp@description=\count193
)
(/usr/local/texlive/2020/texmf-dist/tex/latex/l3backend/l3backend-pdfmode.def
File: l3backend-pdfmode.def 2020-03-12 L3 backend support: PDF mode
\l__kernel_color_stack_int=\count194
\l__pdf_internal_box=\box47
)
(./BruhatDecomposition.aux)
\openout1 = `BruhatDecomposition.aux'.

LaTeX Font Info:    Checking defaults for OML/cmm/m/it on input line 87.
LaTeX Font Info:    ... okay on input line 87.
LaTeX Font Info:    Checking defaults for OMS/cmsy/m/n on input line 87.
LaTeX Font Info:    ... okay on input line 87.
LaTeX Font Info:    Checking defaults for OT1/cmr/m/n on input line 87.
LaTeX Font Info:    ... okay on input line 87.
LaTeX Font Info:    Checking defaults for T1/cmr/m/n on input line 87.
LaTeX Font Info:    ... okay on input line 87.
LaTeX Font Info:    Checking defaults for TS1/cmr/m/n on input line 87.
LaTeX Font Info:    ... okay on input line 87.
LaTeX Font Info:    Checking defaults for OMX/cmex/m/n on input line 87.
LaTeX Font Info:    ... okay on input line 87.
LaTeX Font Info:    Checking defaults for U/cmr/m/n on input line 87.
LaTeX Font Info:    ... okay on input line 87.
LaTeX Font Info:    Checking defaults for PD1/pdf/m/n on input line 87.
LaTeX Font Info:    ... okay on input line 87.

*geometry* driver: auto-detecting
*geometry* detected driver: pdftex
*geometry* verbose mode - [ preamble ] result:
* driver: pdftex
* paper: a4paper
* layout: <same size as paper>
* layoutoffset:(h,v)=(0.0pt,0.0pt)
* modes: 
* h-part:(L,W,R)=(76.82243pt, 443.863pt, 76.82243pt)
* v-part:(T,H,B)=(105.27519pt, 634.49646pt, 105.27519pt)
* \paperwidth=597.50787pt
* \paperheight=845.04684pt
* \textwidth=443.863pt
* \textheight=634.49646pt
* \oddsidemargin=4.55244pt
* \evensidemargin=4.55244pt
* \topmargin=-3.9948pt
* \headheight=12.0pt
* \headsep=25.0pt
* \topskip=11.0pt
* \footskip=30.0pt
* \marginparwidth=50.0pt
* \marginparsep=10.0pt
* \columnsep=10.0pt
* \skip\footins=10.0pt plus 4.0pt minus 2.0pt
* \hoffset=0.0pt
* \voffset=0.0pt
* \mag=1000
* \@twocolumnfalse
* \@twosidefalse
* \@mparswitchfalse
* \@reversemarginfalse
* (1in=72.27pt=25.4mm, 1cm=28.453pt)

(/usr/local/texlive/2020/texmf-dist/tex/context/base/mkii/supp-pdf.mkii
[Loading MPS to PDF converter (version 2006.09.02).]
\scratchcounter=\count195
\scratchdimen=\dimen148
\scratchbox=\box48
\nofMPsegments=\count196
\nofMParguments=\count197
\everyMPshowfont=\toks21
\MPscratchCnt=\count198
\MPscratchDim=\dimen149
\MPnumerator=\count199
\makeMPintoPDFobject=\count266
\everyMPtoPDFconversion=\toks22
)
\big@size=\dimen150
\AtBeginShipoutBox=\box49
Package hyperref Info: Link coloring ON on input line 87.
 (/usr/local/texlive/2020/texmf-dist/tex/latex/hyperref/nameref.sty
Package: nameref 2019/09/16 v2.46 Cross-referencing by name of section

(/usr/local/texlive/2020/texmf-dist/tex/latex/refcount/refcount.sty
Package: refcount 2019/12/15 v3.6 Data extraction from label references (HO)
)
(/usr/local/texlive/2020/texmf-dist/tex/generic/gettitlestring/gettitlestring.s
ty
Package: gettitlestring 2019/12/15 v1.6 Cleanup title references (HO)
)
\c@section@level=\count267
)
LaTeX Info: Redefining \ref on input line 87.
LaTeX Info: Redefining \pageref on input line 87.
LaTeX Info: Redefining \nameref on input line 87.
 (./BruhatDecomposition.out) (./BruhatDecomposition.out)
\@outlinefile=\write6
\openout6 = `BruhatDecomposition.out'.



Package hyperref Warning: Token not allowed in a PDF string (PDFDocEncoding):
(hyperref)                removing `\\' on input line 110.


Package hyperref Warning: Token not allowed in a PDF string (PDFDocEncoding):
(hyperref)                removing `\\' on input line 110.

LaTeX Font Info:    Trying to load font information for T1+cmtt on input line 1
16.
(/usr/local/texlive/2020/texmf-dist/tex/latex/base/t1cmtt.fd
File: t1cmtt.fd 2019/12/16 v2.5j Standard LaTeX font definitions
)
Underfull \hbox (badness 10000) in paragraph at lines 117--124

 []


Underfull \hbox (badness 10000) in paragraph at lines 130--137

 []


Underfull \hbox (badness 10000) in paragraph at lines 113--139

 []

[1

{/usr/local/texlive/2020/texmf-var/fonts/map/pdftex/updmap/pdftex.map}]
[2] (./BruhatDecomposition.toc
LaTeX Font Info:    Trying to load font information for OT1+ztmcm on input line
 2.

(/usr/local/texlive/2020/texmf-dist/tex/latex/psnfss/ot1ztmcm.fd
File: ot1ztmcm.fd 2000/01/03 Fontinst v1.801 font definitions for OT1/ztmcm.
)
LaTeX Font Info:    Trying to load font information for OML+ztmcm on input line
 2.

(/usr/local/texlive/2020/texmf-dist/tex/latex/psnfss/omlztmcm.fd
File: omlztmcm.fd 2000/01/03 Fontinst v1.801 font definitions for OML/ztmcm.
)
LaTeX Font Info:    Trying to load font information for OMS+ztmcm on input line
 2.

(/usr/local/texlive/2020/texmf-dist/tex/latex/psnfss/omsztmcm.fd
File: omsztmcm.fd 2000/01/03 Fontinst v1.801 font definitions for OMS/ztmcm.
)
LaTeX Font Info:    Trying to load font information for OMX+ztmcm on input line
 2.

(/usr/local/texlive/2020/texmf-dist/tex/latex/psnfss/omxztmcm.fd
File: omxztmcm.fd 2000/01/03 Fontinst v1.801 font definitions for OMX/ztmcm.
)
LaTeX Font Info:    Trying to load font information for OT1+ptm on input line 2
.

(/usr/local/texlive/2020/texmf-dist/tex/latex/psnfss/ot1ptm.fd
File: ot1ptm.fd 2001/06/04 font definitions for OT1/ptm.
)
LaTeX Font Info:    Font shape `OT1/ptm/bx/n' in size <10.95> not available
(Font)              Font shape `OT1/ptm/b/n' tried instead on input line 2.
LaTeX Font Info:    Font shape `OT1/ptm/bx/n' in size <8> not available
(Font)              Font shape `OT1/ptm/b/n' tried instead on input line 2.
LaTeX Font Info:    Font shape `OT1/ptm/bx/n' in size <6> not available
(Font)              Font shape `OT1/ptm/b/n' tried instead on input line 2.
)
\tf@toc=\write7
\openout7 = `BruhatDecomposition.toc'.

pdfTeX warning (ext4): destination with the same identifier (name{page.2}) has 
been already used, duplicate ignored
<to be read again> 
                   \relax 
l.147 \newpage
               [2

]
Chapter 1.
LaTeX Font Info:    Trying to load font information for TS1+ptm on input line 1
60.
(/usr/local/texlive/2020/texmf-dist/tex/latex/psnfss/ts1ptm.fd
File: ts1ptm.fd 2001/06/04 font definitions for TS1/ptm.
) [3

]
Chapter 2.
[4

]
Underfull \hbox (badness 1297) in paragraph at lines 288--292
\T1/ptm/m/n/10.95 in even char-ac-ter-is-tic" De-pend-ing on $\OML/ztmcm/m/it/1
0.95 e$\T1/ptm/m/n/10.95 , the func-tions __\T1/cmtt/m/n/10.95 LGOStandardGensO
megaPlus(d,q)\T1/ptm/m/n/10.95 ,
 []


Underfull \hbox (badness 10000) in paragraph at lines 288--292
\T1/ptm/m/n/10.95 __\T1/cmtt/m/n/10.95 LGOStandardGensOmegaPlusEvenChar(d,q)\T1
/ptm/m/n/10.95 , __\T1/cmtt/m/n/10.95 LGOStandardGensOmegaCircle(d,q)\T1/ptm/m/
n/10.95 ,
 []


Underfull \hbox (badness 10000) in paragraph at lines 288--292
\T1/ptm/m/n/10.95 __\T1/cmtt/m/n/10.95 LGOStandardGensOmegaCircleEvenChar(d,q) 
\T1/ptm/m/n/10.95 __\T1/cmtt/m/n/10.95 LGOStandardGensOmegaMinus(d,q) \T1/ptm/m
/n/10.95 or
 []

[5] [6] [7] [8]
Underfull \hbox (badness 7981) in paragraph at lines 571--573
\T1/ptm/m/n/10.95 for the plus type, \T1/cmtt/m/n/10.95 UnitriangularDecomposit
ionSOCircle()\T1/ptm/m/n/10.95 , \T1/cmtt/m/n/10.95 MonomialSLPSOCircle()
 []


Underfull \hbox (badness 2460) in paragraph at lines 571--573
\T1/ptm/m/n/10.95 and \T1/cmtt/m/n/10.95 DiagSLPSOCircle() \T1/ptm/m/n/10.95 fo
r the cir-cle type or \T1/cmtt/m/n/10.95 UnitriangularDecompositionSOMinus()\T1
/ptm/m/n/10.95 ,
 []

[9]
Chapter 3.
[10

] [11]
Underfull \hbox (badness 6625) in paragraph at lines 698--699
[]\T1/ptm/m/n/10.95 For this we use five lo-cal func-tions in the \T1/cmtt/m/n/
10.95 UnipotentDecomposition()\T1/ptm/m/n/10.95 . They
 []


Underfull \hbox (badness 10000) in paragraph at lines 698--699
\T1/ptm/m/n/10.95 are \T1/cmtt/m/n/10.95 TransvecAtAlpha()\T1/ptm/m/n/10.95 , \
T1/cmtt/m/n/10.95 ShiftTransvections()\T1/ptm/m/n/10.95 , \T1/cmtt/m/n/10.95 Fa
stShiftTransvections()\T1/ptm/m/n/10.95 ,
 []

LaTeX Font Info:    Font shape `T1/cmtt/bx/n' in size <10> not available
(Font)              Font shape `T1/cmtt/m/n' tried instead on input line 706.

Underfull \hbox (badness 10000) in paragraph at lines 733--734
[]\T1/ptm/m/n/10.95 In \T1/cmtt/m/n/10.95 UnipotentDecompositionWithTi() \T1/pt
m/m/n/10.95 we use two lo-cal func-tions. They are
 []


Underfull \hbox (badness 10000) in paragraph at lines 757--759
\T1/ptm/m/n/10.95 We use three func-tions to de-com-pose the mono-mial ma-trix 
$\OML/ztmcm/m/it/10.95 w$ \T1/ptm/m/n/10.95 we get from
 []

[12] [13]
Underfull \hbox (badness 2818) in paragraph at lines 840--841
[]\T1/cmtt/m/n/10.95 UnipotentDecomposition() \T1/ptm/m/n/10.95 [[][]3.8.11[][]
] $\OMS/ztmcm/m/n/10.95 !$ \T1/cmtt/m/n/10.95 UnipotentDecompositionNC() \T1/pt
m/m/n/10.95 [[][]3.8.11[][]] (no
 []


Underfull \hbox (badness 1383) in paragraph at lines 841--842
[]\T1/cmtt/m/n/10.95 UnipotentDecompositionWithTi() \T1/ptm/m/n/10.95 [[][]3.8.
12[][]] $\OMS/ztmcm/m/n/10.95 !$ \T1/cmtt/m/n/10.95 UnipotentDecompositionWithT
iNC()
 []


Underfull \hbox (badness 2790) in paragraph at lines 843--844
[]\T1/cmtt/m/n/10.95 PermSLP() \T1/ptm/m/n/10.95 [[][]3.8.14[][]] $\OMS/ztmcm/m
/n/10.95 !$ \T1/cmtt/m/n/10.95 PermSLPNC() \T1/ptm/m/n/10.95 [[][]3.8.14[][]] (
no checks for unser in-put and uses
 []


Underfull \hbox (badness 4132) in paragraph at lines 845--846
[]\T1/cmtt/m/n/10.95 BruhatDecompositionSL() \T1/ptm/m/n/10.95 [[][]3.8.16[][]]
 $\OMS/ztmcm/m/n/10.95 !$ \T1/cmtt/m/n/10.95 BruhatDecompositionSLNC() \T1/ptm/
m/n/10.95 [[][]3.8.16[][]] (uses
 []


Underfull \hbox (badness 10000) in paragraph at lines 846--847
[]\T1/cmtt/m/n/10.95 BruhatDecompositionSLWithTi() \T1/ptm/m/n/10.95 [[][]3.8.1
7[][]] $\OMS/ztmcm/m/n/10.95 !$ \T1/cmtt/m/n/10.95 BruhatDecompositionSLWithTiN
C()
 []


Underfull \hbox (badness 10000) in paragraph at lines 846--847
\T1/ptm/m/n/10.95 [[][]3.8.17[][]] (uses \T1/cmtt/m/n/10.95 UnipotentDecomposit
ionWithTiNC()\T1/ptm/m/n/10.95 , \T1/cmtt/m/n/10.95 PermSLPNC() \T1/ptm/m/n/10.
95 and
 []

[14] [15] [16] [17]
Underfull \hbox (badness 10000) in paragraph at lines 1212--1213
\T1/ptm/m/n/10.95 As \T1/cmtt/m/n/10.95 BruhatDecompositionSL() \T1/ptm/m/n/10.
95 but re-places \T1/cmtt/m/n/10.95 UnipotentDecomposition() \T1/ptm/m/n/10.95 
by
 []

[18]
Chapter 4.
[19

] [20] [21] [22]
Underfull \hbox (badness 1077) in paragraph at lines 1553--1556
\T1/ptm/m/n/10.95 Writes a list of in-struc-tions which eval-u-ated with LGO st
andard-generators yield the di-ag-o-
 []


Underfull \hbox (badness 1418) in paragraph at lines 1553--1556
\T1/ptm/m/n/10.95 nal ma-trix of the in-put. De-pend-ing on q and d the cor-rec
t func-tion of \T1/cmtt/m/n/10.95 DiagSLPSUEven\T1/ptm/m/n/10.95 ,
 []

[23] [24]
Chapter 5.
[25

] [26] (./BruhatDecomposition.ind [27


]
Underfull \hbox (badness 10000) in paragraph at lines 108--110
[]\T1/cmtt/m/n/10.95 Unitriangular\T1/ptm/m/n/10.95 -\T1/cmtt/m/n/10.95 Decompo
sition\T1/ptm/m/n/10.95 -\T1/cmtt/m/n/10.95 Sp\T1/ptm/m/n/10.95 -\T1/cmtt/m/n/1
0.95 Even\T1/ptm/m/n/10.95 -\T1/cmtt/m/n/10.95 Char\T1/ptm/m/n/10.95 ,
 []


Underfull \hbox (badness 10000) in paragraph at lines 112--114
[]\T1/cmtt/m/n/10.95 Unitriangular\T1/ptm/m/n/10.95 -\T1/cmtt/m/n/10.95 Decompo
sition\T1/ptm/m/n/10.95 -\T1/cmtt/m/n/10.95 S\T1/ptm/m/n/10.95 -\T1/cmtt/m/n/10
.95 U\T1/ptm/m/n/10.95 -\T1/cmtt/m/n/10.95 Even\T1/ptm/m/n/10.95 -\T1/cmtt/m/n/
10.95 And\T1/ptm/m/n/10.95 -
 []


Underfull \hbox (badness 10000) in paragraph at lines 115--117
[]\T1/cmtt/m/n/10.95 Unitriangular\T1/ptm/m/n/10.95 -\T1/cmtt/m/n/10.95 Decompo
sition\T1/ptm/m/n/10.95 -\T1/cmtt/m/n/10.95 S\T1/ptm/m/n/10.95 -\T1/cmtt/m/n/10
.95 U\T1/ptm/m/n/10.95 -\T1/cmtt/m/n/10.95 Odd\T1/ptm/m/n/10.95 -\T1/cmtt/m/n/1
0.95 And\T1/ptm/m/n/10.95 -
 []

[28

])
Package atveryend Info: Empty hook `BeforeClearDocument' on input line 1767.
Package atveryend Info: Empty hook `AfterLastShipout' on input line 1767.
 (./BruhatDecomposition.aux)
Package atveryend Info: Executing hook `AtVeryEndDocument' on input line 1767.
Package atveryend Info: Executing hook `AtEndAfterFileList' on input line 1767.

Package rerunfilecheck Info: File `BruhatDecomposition.out' has not changed.
(rerunfilecheck)             Checksum: 5B9F3B170832A14FED8627A9EFF699AC;1487.
Package atveryend Info: Empty hook `AtVeryVeryEnd' on input line 1767.
 ) 
Here is how much of TeX's memory you used:
 7598 strings out of 480608
 116269 string characters out of 5903629
 385045 words of memory out of 5000000
 23124 multiletter control sequences out of 15000+600000
 592191 words of font info for 98 fonts, out of 8000000 for 9000
 1141 hyphenation exceptions out of 8191
 47i,7n,37p,775b,477s stack positions out of 5000i,500n,10000p,200000b,80000s
{/usr/local/texlive/2020/texmf-dist/fonts/enc/dvips/cm-super/cm-super-t1.enc}
{/usr/local/texlive/2020/texmf-dist/fonts/enc/dvips/base/8r.enc}</usr/local/tex
live/2020/texmf-dist/fonts/type1/public/amsfonts/cm/cmmi10.pfb></usr/local/texl
ive/2020/texmf-dist/fonts/type1/public/amsfonts/cm/cmr10.pfb></usr/local/texliv
e/2020/texmf-dist/fonts/type1/public/amsfonts/cm/cmsy10.pfb></usr/local/texlive
/2020/texmf-dist/fonts/type1/public/amsfonts/symbols/msbm10.pfb></usr/local/tex
live/2020/texmf-dist/fonts/type1/public/cm-super/sfst1095.pfb></usr/local/texli
ve/2020/texmf-dist/fonts/type1/public/cm-super/sftt1000.pfb></usr/local/texlive
/2020/texmf-dist/fonts/type1/public/cm-super/sftt1095.pfb></usr/local/texlive/2
020/texmf-dist/fonts/type1/urw/symbol/usyr.pfb></usr/local/texlive/2020/texmf-d
ist/fonts/type1/urw/symbol/usyr.pfb></usr/local/texlive/2020/texmf-dist/fonts/t
ype1/urw/times/utmb8a.pfb></usr/local/texlive/2020/texmf-dist/fonts/type1/urw/t
imes/utmr8a.pfb></usr/local/texlive/2020/texmf-dist/fonts/type1/urw/times/utmr8
a.pfb></usr/local/texlive/2020/texmf-dist/fonts/type1/urw/times/utmri8a.pfb>
Output written on BruhatDecomposition.pdf (29 pages, 242954 bytes).
PDF statistics:
 631 PDF objects out of 1000 (max. 8388607)
 581 compressed objects within 6 object streams
 206 named destinations out of 1000 (max. 500000)
 169 words of extra memory for PDF output out of 10000 (max. 10000000)

